<?xml version="1.0" encoding="UTF-8"?>
<!-- Generated by org.testng.reporters.JUnitReportReporter -->
<testsuite hostname="DESKTOP-MU5588M" failures="0" tests="1" name="com.Shopping.TestCases.LoginTest" time="19.143" errors="0" timestamp="2023-03-05T18:24:37 GMT-05:00" skipped="0">
  <testcase classname="com.Shopping.TestCases.LoginTest" name="verifyvalidlogin" time="19.143"/>
  <system-out/>
</testsuite> <!-- com.Shopping.TestCases.LoginTest -->
