<?xml version="1.0" encoding="UTF-8"?>
<!-- Generated by org.testng.reporters.JUnitReportReporter -->
<testsuite hostname="DESKTOP-MU5588M" failures="0" tests="2" name="com.Shopping.TestCases.HomePageTest" time="14.034" errors="0" timestamp="2023-03-05T15:55:42 GMT-05:00" skipped="0">
  <testcase classname="com.Shopping.TestCases.HomePageTest" name="verifyPageTitle" time="7.325"/>
  <system-out/>
  <testcase classname="com.Shopping.TestCases.HomePageTest" name="verifyHomePageLanding" time="6.709"/>
  <system-out/>
</testsuite> <!-- com.Shopping.TestCases.HomePageTest -->
